
[36minfo[39m  - Loaded env from /Users/mark/coding/codebase-ts/cases/xieshou-frontend/.env
[?25l[36minfo[39m  - Linting and checking validity of types [36m.[39m[31merror[39m - ESLint: Invalid Options: - Unknown options: useEslintrc, extensions - 'extensions' has been removed.
[2K[1G[36minfo[39m  - Linting and checking validity of types [36m..[39m[2K[1G[36minfo[39m  - Linting and checking validity of types [36m...[39m[2K[1G[36minfo[39m  - Linting and checking validity of types [36m.[39m[2K[1G[36minfo[39m  - Linting and checking validity of types [36m..[39m[2K[1G[36minfo[39m  - Linting and checking validity of types [36m...[39m[2K[1G[36minfo[39m  - Linting and checking validity of types [36m.[39m[2K[1G[36minfo[39m  - Linting and checking validity of types [36m..[39m[2K[1G[36minfo[39m  - Linting and checking validity of types [36m...[39m[2K[1G[36minfo[39m  - Linting and checking validity of types [36m.[39m[2K[1G[36minfo[39m  - Linting and checking validity of types [36m..[39m[2K[1G[36minfo[39m  - Linting and checking validity of types [36m...[39m[2K[1G[36minfo[39m  - Linting and checking validity of types [36m.[39m[2K[1G[36minfo[39m  - Linting and checking validity of types [36m..[39m[2K[1G[36minfo[39m  - Linting and checking validity of types [36m...[39m[2K[1G[36minfo[39m  - Linting and checking validity of types [36m.[39m[2K[1G[36minfo[39m  - Linting and checking validity of types [36m..[39m[2K[1G[36minfo[39m  - Linting and checking validity of types [36m...[39m[2K[1G[36minfo[39m  - Linting and checking validity of types [36m.[39m[2K[1G[36minfo[39m  - Linting and checking validity of types [36m..[39m[2K[1G[36minfo[39m  - Linting and checking validity of types [36m...[39m[2K[1G[36minfo[39m  - Linting and checking validity of types [36m.[39m[31mFailed to compile.[39m
[31m[39m
[36m./prisma/generated/zod/inputTypeSchemas/HeroCreateOrConnectWithoutFromHeroesInputSchema.ts[39m:[33m8[39m:[33m14[39m
[31m[1mType error[22m[39m: Type 'ZodObject<{ where: ZodLazy<ZodType<HeroWhereUniqueInput, ZodTypeDef, HeroWhereUniqueInput>>; create: ZodUnion<...>; }, "strict", ZodTypeAny, { ...; }, { ...; }>' is not assignable to type 'ZodType<HeroCreateOrConnectWithoutFromHeroesInput, ZodTypeDef, HeroCreateOrConnectWithoutFromHeroesInput>'.
  The types of '_type.create' are incompatible between these types.
    Type '(HeroCreateWithoutFromHeroesInput | HeroUncheckedCreateWithoutFromHeroesInput) & (HeroCreateWithoutFromHeroesInput | HeroUncheckedCreateWithoutFromHeroesInput | undefined)' is not assignable to type '(Without<HeroCreateWithoutFromHeroesInput, HeroUncheckedCreateWithoutFromHeroesInput> & HeroUncheckedCreateWithoutFromHeroesInput) | (Without<...> & HeroCreateWithoutFromHeroesInput)'.
      Type 'HeroCreateWithoutFromHeroesInput & HeroUncheckedCreateWithoutFromHeroesInput' is not assignable to type '(Without<HeroCreateWithoutFromHeroesInput, HeroUncheckedCreateWithoutFromHeroesInput> & HeroUncheckedCreateWithoutFromHeroesInput) | (Without<...> & HeroCreateWithoutFromHeroesInput)'.
        Type 'HeroCreateWithoutFromHeroesInput & HeroUncheckedCreateWithoutFromHeroesInput' is not assignable to type 'Without<HeroUncheckedCreateWithoutFromHeroesInput, HeroCreateWithoutFromHeroesInput> & HeroCreateWithoutFromHeroesInput'.
          Type 'HeroCreateWithoutFromHeroesInput & HeroUncheckedCreateWithoutFromHeroesInput' is not assignable to type 'Without<HeroUncheckedCreateWithoutFromHeroesInput, HeroCreateWithoutFromHeroesInput>'.
            Types of property 'userId' are incompatible.
              Type 'string' is not assignable to type 'undefined'.

[0m [90m  6 | [39m[36mimport[39m { [33mHeroUncheckedCreateWithoutFromHeroesInputSchema[39m } [36mfrom[39m [32m'./HeroUncheckedCreateWithoutFromHeroesInputSchema'[39m[33m;[39m[0m
[0m [90m  7 | [39m[0m
[0m[31m[1m>[22m[39m[90m  8 | [39m[36mexport[39m [36mconst[39m [33mHeroCreateOrConnectWithoutFromHeroesInputSchema[39m[33m:[39m z[33m.[39m[33mZodType[39m[33m<[39m[33mPrisma[39m[33m.[39m[33mHeroCreateOrConnectWithoutFromHeroesInput[39m[33m>[39m [33m=[39m z[33m.[39mobject({[0m
[0m [90m    | [39m             [31m[1m^[22m[39m[0m
[0m [90m  9 | [39m  where[33m:[39m z[33m.[39mlazy(() [33m=>[39m [33mHeroWhereUniqueInputSchema[39m)[33m,[39m[0m
[0m [90m 10 | [39m  create[33m:[39m z[33m.[39munion([ z[33m.[39mlazy(() [33m=>[39m [33mHeroCreateWithoutFromHeroesInputSchema[39m)[33m,[39mz[33m.[39mlazy(() [33m=>[39m [33mHeroUncheckedCreateWithoutFromHeroesInputSchema[39m) ])[33m,[39m[0m
[0m [90m 11 | [39m})[33m.[39mstrict()[33m;[39m[0m
[?25h
